#
# There is insufficient memory for the Java Runtime Environment to continue.
# Native memory allocation (mmap) failed to map 266338304 bytes for Failed to commit area from 0x0000000702800000 to 0x0000000712600000 of length 266338304.
# Possible reasons:
#   The system is out of physical RAM or swap space
#   The process is running with CompressedOops enabled, and the Java Heap may be blocking the growth of the native heap
# Possible solutions:
#   Reduce memory load on the system
#   Increase physical memory or swap space
#   Check if swap backing store is full
#   Decrease Java heap size (-Xmx/-Xms)
#   Decrease number of Java threads
#   Decrease Java thread stack sizes (-Xss)
#   Set larger code cache with -XX:ReservedCodeCacheSize=
# This output file may be truncated or incomplete.
#
#  Out of Memory Error (./src/hotspot/os/windows/os_windows.cpp:3301), pid=34520, tid=11944
#
# JRE version:  (11.0.11+9) (build )
# Java VM: OpenJDK 64-Bit Server VM (11.0.11+9-b1341.60, mixed mode, sharing, tiered, compressed oops, g1 gc, windows-amd64)
# No core dump will be written. Minidumps are not enabled by default on client versions of Windows
#

---------------  S U M M A R Y ------------

Command Line: org.jetbrains.git4idea.http.GitAskPassApp Username for 'https://github.com': 

Host: Intel(R) Core(TM) i7-10510U CPU @ 1.80GHz, 8 cores, 15G,  Windows 10 , 64 bit Build 22621 (10.0.22621.963)
Time: Sun Jan  8 03:52:57 2023 中国标准时间 elapsed time: 0.021061 seconds (0d 0h 0m 0s)

---------------  T H R E A D  ---------------

Current thread (0x00000289140c4800):  JavaThread "Unknown thread" [_thread_in_vm, id=11944, stack(0x00000094a4d00000,0x00000094a4e00000)]

Stack: [0x00000094a4d00000,0x00000094a4e00000]
Native frames: (J=compiled Java code, j=interpreted, Vv=VM code, C=native code)
V  [jvm.dll+0x5f5c8a]
V  [jvm.dll+0x779405]
V  [jvm.dll+0x77aa1d]
V  [jvm.dll+0x77b0d3]
V  [jvm.dll+0x244bc8]
V  [jvm.dll+0x5f3084]
V  [jvm.dll+0x5e7fe5]
V  [jvm.dll+0x30098b]
V  [jvm.dll+0x3008fa]
V  [jvm.dll+0x3007d2]
V  [jvm.dll+0x3056b6]
V  [jvm.dll+0x34e353]
V  [jvm.dll+0x34ea56]
V  [jvm.dll+0x34e453]
V  [jvm.dll+0x2db398]
V  [jvm.dll+0x2dc547]
V  [jvm.dll+0x757bf7]
V  [jvm.dll+0x7593ec]
V  [jvm.dll+0x35b8d9]
V  [jvm.dll+0x73b38e]
V  [jvm.dll+0x3c3cc3]
V  [jvm.dll+0x3c60e1]
C  [jli.dll+0x5373]
C  [ucrtbase.dll+0x29363]
C  [KERNEL32.DLL+0x126bd]
C  [ntdll.dll+0x5dfb8]


---------------  P R O C E S S  ---------------

Threads class SMR info:
_java_thread_list=0x0000028911dbae70, length=0, elements={
}

Java Threads: ( => current thread )

Other Threads:
  0x0000028911e8c000 GCTaskThread "GC Thread#0" [stack: 0x00000094a4e00000,0x00000094a4f00000] [id=35912]
  0x0000028914137000 ConcurrentGCThread "G1 Main Marker" [stack: 0x00000094a4f00000,0x00000094a5000000] [id=7440]
  0x0000028914139800 ConcurrentGCThread "G1 Conc#0" [stack: 0x00000094a5000000,0x00000094a5100000] [id=26252]

[error occurred during error reporting (printing all threads), id 0xc0000005, EXCEPTION_ACCESS_VIOLATION (0xc0000005) at pc=0x00007ff9b91ab9f7]

VM state:not at safepoint (not fully initialized)

VM Mutex/Monitor currently owned by a thread:  ([mutex/lock_event])
[0x00000289140c0230] Heap_lock - owner thread: 0x00000289140c4800

Heap address: 0x0000000702800000, size: 4056 MB, Compressed Oops mode: Non-zero based: 0x0000000702800000
Narrow klass base: 0x0000000000000000, Narrow klass shift: 0

GC Heap History (0 events):
No events

Deoptimization events (0 events):
No events

Classes redefined (0 events):
No events

Internal exceptions (0 events):
No events

Events (1 events):
Event: 0.012 Loaded shared library D:\Program Files\JetBrains\WebStorm 2021.1.3\jbr\bin\zip.dll


Dynamic libraries:
0x00007ff607990000 - 0x00007ff60799a000 	D:\Program Files\JetBrains\WebStorm 2021.1.3\jbr\bin\java.exe
0x00007ffa21290000 - 0x00007ffa214a4000 	C:\WINDOWS\SYSTEM32\ntdll.dll
0x00007ffa20720000 - 0x00007ffa207e3000 	C:\WINDOWS\System32\KERNEL32.DLL
0x00007ffa1ea30000 - 0x00007ffa1edcd000 	C:\WINDOWS\System32\KERNELBASE.dll
0x00007ffa1edd0000 - 0x00007ffa1eee1000 	C:\WINDOWS\System32\ucrtbase.dll
0x00007ffa06da0000 - 0x00007ffa06db9000 	D:\Program Files\JetBrains\WebStorm 2021.1.3\jbr\bin\jli.dll
0x00007ffa06cd0000 - 0x00007ffa06ce7000 	D:\Program Files\JetBrains\WebStorm 2021.1.3\jbr\bin\VCRUNTIME140.dll
0x00007ffa20160000 - 0x00007ffa2030d000 	C:\WINDOWS\System32\USER32.dll
0x00007ffa1e8a0000 - 0x00007ffa1e8c6000 	C:\WINDOWS\System32\win32u.dll
0x00007ffa1f5f0000 - 0x00007ffa1f619000 	C:\WINDOWS\System32\GDI32.dll
0x00007ffa1eef0000 - 0x00007ffa1f002000 	C:\WINDOWS\System32\gdi32full.dll
0x00007ffa1e8d0000 - 0x00007ffa1e96a000 	C:\WINDOWS\System32\msvcp_win.dll
0x00007ffa04080000 - 0x00007ffa0430e000 	C:\WINDOWS\WinSxS\amd64_microsoft.windows.common-controls_6595b64144ccf1df_6.0.22621.608_none_a9444ca7c10bb01d\COMCTL32.dll
0x00007ffa1f190000 - 0x00007ffa1f237000 	C:\WINDOWS\System32\msvcrt.dll
0x00007ffa20310000 - 0x00007ffa20342000 	C:\WINDOWS\System32\IMM32.DLL
0x00007ff9cb320000 - 0x00007ff9cb3bd000 	D:\Program Files\JetBrains\WebStorm 2021.1.3\jbr\bin\msvcp140.dll
0x00007ff9b8ec0000 - 0x00007ff9b9a09000 	D:\Program Files\JetBrains\WebStorm 2021.1.3\jbr\bin\server\jvm.dll
0x00007ffa20350000 - 0x00007ffa203fe000 	C:\WINDOWS\System32\ADVAPI32.dll
0x00007ffa209b0000 - 0x00007ffa20a54000 	C:\WINDOWS\System32\sechost.dll
0x00007ffa20500000 - 0x00007ffa20615000 	C:\WINDOWS\System32\RPCRT4.dll
0x00007ffa1f4c0000 - 0x00007ffa1f4c8000 	C:\WINDOWS\System32\PSAPI.DLL
0x00007ffa11dc0000 - 0x00007ffa11dca000 	C:\WINDOWS\SYSTEM32\VERSION.dll
0x00007ff9e7f60000 - 0x00007ff9e7f69000 	C:\WINDOWS\SYSTEM32\WSOCK32.dll
0x00007ffa1c3a0000 - 0x00007ffa1c3d4000 	C:\WINDOWS\SYSTEM32\WINMM.dll
0x00007ffa200e0000 - 0x00007ffa20151000 	C:\WINDOWS\System32\WS2_32.dll
0x00007ffa1d800000 - 0x00007ffa1d818000 	C:\WINDOWS\SYSTEM32\kernel.appcore.dll
0x00007ffa18e10000 - 0x00007ffa18e21000 	D:\Program Files\JetBrains\WebStorm 2021.1.3\jbr\bin\verify.dll
0x00007ffa1bde0000 - 0x00007ffa1c00e000 	C:\WINDOWS\SYSTEM32\DBGHELP.DLL
0x00007ffa1fcf0000 - 0x00007ffa2007a000 	C:\WINDOWS\System32\combase.dll
0x00007ffa1f260000 - 0x00007ffa1f337000 	C:\WINDOWS\System32\OLEAUT32.dll
0x00007ff9f42a0000 - 0x00007ff9f42d2000 	C:\WINDOWS\SYSTEM32\dbgcore.DLL
0x00007ffa1e820000 - 0x00007ffa1e89b000 	C:\WINDOWS\System32\bcryptPrimitives.dll
0x00007ffa16c70000 - 0x00007ffa16c99000 	D:\Program Files\JetBrains\WebStorm 2021.1.3\jbr\bin\java.dll
0x00007ffa17720000 - 0x00007ffa1772b000 	D:\Program Files\JetBrains\WebStorm 2021.1.3\jbr\bin\jimage.dll
0x00007ffa16f50000 - 0x00007ffa16f68000 	D:\Program Files\JetBrains\WebStorm 2021.1.3\jbr\bin\zip.dll

dbghelp: loaded successfully - version: 4.0.5 - missing functions: none
symbol engine: initialized successfully - sym options: 0x614 - pdb path: .;D:\Program Files\JetBrains\WebStorm 2021.1.3\jbr\bin;C:\WINDOWS\SYSTEM32;C:\WINDOWS\WinSxS\amd64_microsoft.windows.common-controls_6595b64144ccf1df_6.0.22621.608_none_a9444ca7c10bb01d;D:\Program Files\JetBrains\WebStorm 2021.1.3\jbr\bin\server

VM Arguments:
java_command: org.jetbrains.git4idea.http.GitAskPassApp Username for 'https://github.com': 
java_class_path (initial): D:/Program Files/JetBrains/WebStorm 2021.1.3/plugins/git4idea/lib/git4idea-rt.jar;D:/Program Files/JetBrains/WebStorm 2021.1.3/lib/xmlrpc-2.0.1.jar;D:/Program Files/JetBrains/WebStorm 2021.1.3/lib/commons-codec-1.15.jar
Launcher Type: SUN_STANDARD

[Global flags]
     intx CICompilerCount                          = 4                                         {product} {ergonomic}
     uint ConcGCThreads                            = 2                                         {product} {ergonomic}
     uint G1ConcRefinementThreads                  = 8                                         {product} {ergonomic}
   size_t G1HeapRegionSize                         = 1048576                                   {product} {ergonomic}
    uintx GCDrainStackTargetSize                   = 64                                        {product} {ergonomic}
   size_t InitialHeapSize                          = 266338304                                 {product} {ergonomic}
   size_t MarkStackSize                            = 4194304                                   {product} {ergonomic}
   size_t MaxHeapSize                              = 4253024256                                {product} {ergonomic}
   size_t MinHeapDeltaBytes                        = 1048576                                   {product} {ergonomic}
    uintx NonNMethodCodeHeapSize                   = 5836300                                {pd product} {ergonomic}
    uintx NonProfiledCodeHeapSize                  = 122910970                              {pd product} {ergonomic}
    uintx ProfiledCodeHeapSize                     = 122910970                              {pd product} {ergonomic}
    uintx ReservedCodeCacheSize                    = 251658240                              {pd product} {ergonomic}
     bool SegmentedCodeCache                       = true                                      {product} {ergonomic}
     bool UseCompressedClassPointers               = true                                 {lp64_product} {ergonomic}
     bool UseCompressedOops                        = true                                 {lp64_product} {ergonomic}
     bool UseG1GC                                  = true                                      {product} {ergonomic}
     bool UseLargePagesIndividualAllocation        = false                                  {pd product} {ergonomic}

Logging:
Log output configuration:
 #0: stdout all=warning uptime,level,tags
 #1: stderr all=off uptime,level,tags

Environment Variables:
JAVA_HOME=D:\java\JDK12.0.2
CLASSPATH=D:\Program\tomcat\apache-tomcat-8.5.76\lib\servlet-api.jar;
PATH=D:\Program Files\Git\mingw64\libexec\git-core;D:\Program Files\Git\mingw64\libexec\git-core;D:\Program Files\Git\mingw64\bin;D:\Program Files\Git\usr\bin;C:\Users\周万宁\bin;D:\Program Files (x86)\VMware\VMware Workstation\bin;D:\java\JDK12.0.2\bin;C:\Program Files\Microsoft MPI\Bin;C:\ProgramData\Oracle\Java\javapath;C:\Windows\system32;C:\Windows;C:\Windows\System32\Wbem;C:\Windows\System32\WindowsPowerShell\v1.0;C:\Windows\System32\OpenSSH;C:\Program Files (x86)\NVIDIA Corporation\PhysX\Common;C:\Program Files\NVIDIA Corporation\NVIDIA NvDLISR;C:\WINDOWS\system32;C:\WINDOWS;C:\WINDOWS\System32\Wbem;C:\WINDOWS\System32\WindowsPowerShell\v1.0;C:\WINDOWS\System32\OpenSSH;D:\Program Files (x86)\Microsoft SQL Server\150\DTS\Binn;D:\Program Files\Microsoft SQL Server\150\DTS\Binn;D:\Program Files\Microsoft SQL Server\Client SDK\ODBC\170\Tools\Binn;D:\Program Files (x86)\Microsoft SQL Server\150\Tools\Binn;D:\Program Files\Microsoft SQL Server\150\Tools\Binn;C:\Program Files\Azure Data Studio\bin;C:\Program Files\MySQL\MySQL Server 8.0\bin;D:\Program Files\Git\cmd;D:\Program Files\TortoiseGit\bin;C:\Program Files (x86)\ZeroTier\One;C:\Program Files\MongoDB\Server\4.4\bin;D:\Program Files\nodejs;D:\Program\tomcat\apache-tomcat-9.0.65\lib;D:\Program\tomcat\apache-tomcat-9.0.65\bin;D:\Program\tomcat\apache-tomcat-9.0.65\lib\servlet-api.jar;D:\Program\apache-maven-3.8.6\bin;D:\Program\mysql-8.0.31-winx64\bin;C:\Program Files (x86)\HP\QuickTest Professional\bin;D:\java\JDK12.0.2\bin;C:\Users\周万宁\AppData\Local\Microsoft\WindowsApps;C:\Program Files\Azure Data Studio\bin;D:\Program Files (x86)\Microsoft VS Code\bin;D:\Program Files\JetBrains\WebStorm 2021.1.3\bin;C:\Users\周万宁\AppData\Roaming\npm
USERNAME=周万宁
DISPLAY=:0.0
LC_ALL=en_US.UTF-8
OS=Windows_NT
PROCESSOR_IDENTIFIER=Intel64 Family 6 Model 142 Stepping 12, GenuineIntel



---------------  S Y S T E M  ---------------

OS: Windows 10 , 64 bit Build 22621 (10.0.22621.963)
OS uptime: 4 days 3:39 hours

CPU:total 8 (initial active 8) (4 cores per cpu, 2 threads per core) family 6 model 142 stepping 12 microcode 0xde, cmov, cx8, fxsr, mmx, sse, sse2, sse3, ssse3, sse4.1, sse4.2, popcnt, avx, avx2, aes, clmul, erms, 3dnowpref, lzcnt, ht, tsc, tscinvbit, bmi1, bmi2, adx, fma

Memory: 4k page, system-wide physical 16216M (1946M free)
TotalPageFile size 31576M (AvailPageFile size 214M)
current process WorkingSet (physical memory assigned to process): 11M, peak: 11M
current process commit charge ("private bytes"): 60M, peak: 314M

vm_info: OpenJDK 64-Bit Server VM (11.0.11+9-b1341.60) for windows-amd64 JRE (11.0.11+9-b1341.60), built on Jun  4 2021 08:17:54 by "" with MS VC++ 14.0 (VS2015)

END.
